# JRE version: Java(TM) SE Runtime Environment (8.0_73-b02) (build 1.8.0_73-b02)
# Java VM: Java HotSpot(TM) 64-Bit Server VM (25.73-b02 mixed mode windows-amd64 compressed oops)
Heap:
 PSYoungGen      total 263168K, used 75965K [0x00000000d6f00000, 0x00000000ecb00000, 0x0000000100000000)
  eden space 244224K, 27% used [0x00000000d6f00000,0x00000000db1a3be8,0x00000000e5d80000)
  from space 18944K, 40% used [0x00000000e5d80000,0x00000000e650b828,0x00000000e7000000)
  to   space 17920K, 0% used [0x00000000eb980000,0x00000000eb980000,0x00000000ecb00000)
 ParOldGen       total 81920K, used 29783K [0x0000000084c00000, 0x0000000089c00000, 0x00000000d6f00000)
  object space 81920K, 36% used [0x0000000084c00000,0x0000000086915d98,0x0000000089c00000)
 Metaspace       used 55026K, capacity 55786K, committed 56064K, reserved 1097728K
  class space    used 6961K, capacity 7124K, committed 7168K, reserved 1048576K
GC Heap History (10 events):
Event: 10.976 GC heap before
{Heap before GC invocations=9 (full 1):
 PSYoungGen      total 120832K, used 120806K [0x00000000d6f00000, 0x00000000e4000000, 0x0000000100000000)
  eden space 109568K, 100% used [0x00000000d6f00000,0x00000000dda00000,0x00000000dda00000)
  from space 11264K, 99% used [0x00000000dda00000,0x00000000de4f99c8,0x00000000de500000)
  to   space 14336K, 0% used [0x00000000e3200000,0x00000000e3200000,0x00000000e4000000)
 ParOldGen       total 53248K, used 10919K [0x0000000084c00000, 0x0000000088000000, 0x00000000d6f00000)
  object space 53248K, 20% used [0x0000000084c00000,0x00000000856a9fe8,0x0000000088000000)
 Metaspace       used 30949K, capacity 31298K, committed 31360K, reserved 1077248K
  class space    used 3854K, capacity 3946K, committed 3968K, reserved 1048576K
Event: 11.003 GC heap after
Heap after GC invocations=9 (full 1):
 PSYoungGen      total 193536K, used 13232K [0x00000000d6f00000, 0x00000000e3f00000, 0x0000000100000000)
  eden space 180224K, 0% used [0x00000000d6f00000,0x00000000d6f00000,0x00000000e1f00000)
  from space 13312K, 99% used [0x00000000e3200000,0x00000000e3eec0e0,0x00000000e3f00000)
  to   space 15872K, 0% used [0x00000000e2000000,0x00000000e2000000,0x00000000e2f80000)
 ParOldGen       total 53248K, used 10927K [0x0000000084c00000, 0x0000000088000000, 0x00000000d6f00000)
  object space 53248K, 20% used [0x0000000084c00000,0x00000000856abfe8,0x0000000088000000)
 Metaspace       used 30949K, capacity 31298K, committed 31360K, reserved 1077248K
  class space    used 3854K, capacity 3946K, committed 3968K, reserved 1048576K
}
Event: 13.762 GC heap before
{Heap before GC invocations=10 (full 1):
 PSYoungGen      total 193536K, used 141771K [0x00000000d6f00000, 0x00000000e3f00000, 0x0000000100000000)
  eden space 180224K, 71% used [0x00000000d6f00000,0x00000000dec86ba0,0x00000000e1f00000)
  from space 13312K, 99% used [0x00000000e3200000,0x00000000e3eec0e0,0x00000000e3f00000)
  to   space 15872K, 0% used [0x00000000e2000000,0x00000000e2000000,0x00000000e2f80000)
 ParOldGen       total 53248K, used 10927K [0x0000000084c00000, 0x0000000088000000, 0x00000000d6f00000)
  object space 53248K, 20% used [0x0000000084c00000,0x00000000856abfe8,0x0000000088000000)
 Metaspace       used 34972K, capacity 35278K, committed 35496K, reserved 1081344K
  class space    used 4415K, capacity 4524K, committed 4608K, reserved 1048576K
Event: 13.806 GC heap after
Heap after GC invocations=10 (full 1):
 PSYoungGen      total 197120K, used 12698K [0x00000000d6f00000, 0x00000000e8100000, 0x0000000100000000)
  eden space 181248K, 0% used [0x00000000d6f00000,0x00000000d6f00000,0x00000000e2000000)
  from space 15872K, 80% used [0x00000000e2000000,0x00000000e2c66858,0x00000000e2f80000)
  to   space 16896K, 0% used [0x00000000e7080000,0x00000000e7080000,0x00000000e8100000)
 ParOldGen       total 53248K, used 13797K [0x0000000084c00000, 0x0000000088000000, 0x00000000d6f00000)
  object space 53248K, 25% used [0x0000000084c00000,0x0000000085979508,0x0000000088000000)
 Metaspace       used 34972K, capacity 35278K, committed 35496K, reserved 1081344K
  class space    used 4415K, capacity 4524K, committed 4608K, reserved 1048576K
}
Event: 13.806 GC heap before
{Heap before GC invocations=11 (full 2):
 PSYoungGen      total 197120K, used 12698K [0x00000000d6f00000, 0x00000000e8100000, 0x0000000100000000)
  eden space 181248K, 0% used [0x00000000d6f00000,0x00000000d6f00000,0x00000000e2000000)
  from space 15872K, 80% used [0x00000000e2000000,0x00000000e2c66858,0x00000000e2f80000)
  to   space 16896K, 0% used [0x00000000e7080000,0x00000000e7080000,0x00000000e8100000)
 ParOldGen       total 53248K, used 13797K [0x0000000084c00000, 0x0000000088000000, 0x00000000d6f00000)
  object space 53248K, 25% used [0x0000000084c00000,0x0000000085979508,0x0000000088000000)
 Metaspace       used 34972K, capacity 35278K, committed 35496K, reserved 1081344K
  class space    used 4415K, capacity 4524K, committed 4608K, reserved 1048576K
Event: 13.961 GC heap after
Heap after GC invocations=11 (full 2):
 PSYoungGen      total 197120K, used 0K [0x00000000d6f00000, 0x00000000e8100000, 0x0000000100000000)
  eden space 181248K, 0% used [0x00000000d6f00000,0x00000000d6f00000,0x00000000e2000000)
  from space 15872K, 0% used [0x00000000e2000000,0x00000000e2000000,0x00000000e2f80000)
  to   space 16896K, 0% used [0x00000000e7080000,0x00000000e7080000,0x00000000e8100000)
 ParOldGen       total 81920K, used 23296K [0x0000000084c00000, 0x0000000089c00000, 0x00000000d6f00000)
  object space 81920K, 28% used [0x0000000084c00000,0x00000000862c03f8,0x0000000089c00000)
 Metaspace       used 34972K, capacity 35278K, committed 35496K, reserved 1081344K
  class space    used 4415K, capacity 4524K, committed 4608K, reserved 1048576K
}
Event: 19.341 GC heap before
{Heap before GC invocations=12 (full 2):
 PSYoungGen      total 197120K, used 181248K [0x00000000d6f00000, 0x00000000e8100000, 0x0000000100000000)
  eden space 181248K, 100% used [0x00000000d6f00000,0x00000000e2000000,0x00000000e2000000)
  from space 15872K, 0% used [0x00000000e2000000,0x00000000e2000000,0x00000000e2f80000)
  to   space 16896K, 0% used [0x00000000e7080000,0x00000000e7080000,0x00000000e8100000)
 ParOldGen       total 81920K, used 23296K [0x0000000084c00000, 0x0000000089c00000, 0x00000000d6f00000)
  object space 81920K, 28% used [0x0000000084c00000,0x00000000862c03f8,0x0000000089c00000)
 Metaspace       used 46132K, capacity 46528K, committed 46720K, reserved 1089536K
  class space    used 5886K, capacity 6015K, committed 6016K, reserved 1048576K
Event: 19.378 GC heap after
Heap after GC invocations=12 (full 2):
 PSYoungGen      total 261120K, used 15874K [0x00000000d6f00000, 0x00000000e8280000, 0x0000000100000000)
  eden space 244224K, 0% used [0x00000000d6f00000,0x00000000d6f00000,0x00000000e5d80000)
  from space 16896K, 93% used [0x00000000e7080000,0x00000000e80009e8,0x00000000e8100000)
  to   space 18944K, 0% used [0x00000000e5d80000,0x00000000e5d80000,0x00000000e7000000)
 ParOldGen       total 81920K, used 23304K [0x0000000084c00000, 0x0000000089c00000, 0x00000000d6f00000)
  object space 81920K, 28% used [0x0000000084c00000,0x00000000862c23f8,0x0000000089c00000)
 Metaspace       used 46132K, capacity 46528K, committed 46720K, reserved 1089536K
  class space    used 5886K, capacity 6015K, committed 6016K, reserved 1048576K
}
Event: 25.857 GC heap before
{Heap before GC invocations=13 (full 2):
 PSYoungGen      total 261120K, used 260098K [0x00000000d6f00000, 0x00000000e8280000, 0x0000000100000000)
  eden space 244224K, 100% used [0x00000000d6f00000,0x00000000e5d80000,0x00000000e5d80000)
  from space 16896K, 93% used [0x00000000e7080000,0x00000000e80009e8,0x00000000e8100000)
  to   space 18944K, 0% used [0x00000000e5d80000,0x00000000e5d80000,0x00000000e7000000)
 ParOldGen       total 81920K, used 23304K [0x0000000084c00000, 0x0000000089c00000, 0x00000000d6f00000)
  object space 81920K, 28% used [0x0000000084c00000,0x00000000862c23f8,0x0000000089c00000)
 Metaspace       used 49829K, capacity 50430K, committed 50560K, reserved 1093632K
  class space    used 6345K, capacity 6476K, committed 6528K, reserved 1048576K
Event: 25.880 GC heap after
Heap after GC invocations=13 (full 2):
 PSYoungGen      total 263168K, used 7726K [0x00000000d6f00000, 0x00000000ecb00000, 0x0000000100000000)
  eden space 244224K, 0% used [0x00000000d6f00000,0x00000000d6f00000,0x00000000e5d80000)
  from space 18944K, 40% used [0x00000000e5d80000,0x00000000e650b828,0x00000000e7000000)
  to   space 17920K, 0% used [0x00000000eb980000,0x00000000eb980000,0x00000000ecb00000)
 ParOldGen       total 81920K, used 29783K [0x0000000084c00000, 0x0000000089c00000, 0x00000000d6f00000)
  object space 81920K, 36% used [0x0000000084c00000,0x0000000086915d98,0x0000000089c00000)
 Metaspace       used 49829K, capacity 50430K, committed 50560K, reserved 1093632K
  class space    used 6345K, capacity 6476K, committed 6528K, reserved 1048576K
}

