# JRE version: Java(TM) SE Runtime Environment (8.0_73-b02) (build 1.8.0_73-b02)
# Java VM: Java HotSpot(TM) 64-Bit Server VM (25.73-b02 mixed mode windows-amd64 compressed oops)
Heap:
 PSYoungGen      total 200192K, used 85807K [0x00000000d6f00000, 0x00000000e5f80000, 0x0000000100000000)
  eden space 187904K, 39% used [0x00000000d6f00000,0x00000000db7270b0,0x00000000e2680000)
  from space 12288K, 97% used [0x00000000e5380000,0x00000000e5f24ec0,0x00000000e5f80000)
  to   space 17408K, 0% used [0x00000000e3d80000,0x00000000e3d80000,0x00000000e4e80000)
 ParOldGen       total 94720K, used 51678K [0x0000000084c00000, 0x000000008a880000, 0x00000000d6f00000)
  object space 94720K, 54% used [0x0000000084c00000,0x0000000087e778e0,0x000000008a880000)
 Metaspace       used 57656K, capacity 58618K, committed 58752K, reserved 1101824K
  class space    used 7034K, capacity 7240K, committed 7296K, reserved 1048576K
GC Heap History (10 events):
Event: 77018.280 GC heap before
{Heap before GC invocations=22 (full 2):
 PSYoungGen      total 236544K, used 235403K [0x00000000d6f00000, 0x00000000e8200000, 0x0000000100000000)
  eden space 226816K, 99% used [0x00000000d6f00000,0x00000000e4bb9c00,0x00000000e4c80000)
  from space 9728K, 96% used [0x00000000e6800000,0x00000000e7129088,0x00000000e7180000)
  to   space 16896K, 0% used [0x00000000e7180000,0x00000000e7180000,0x00000000e8200000)
 ParOldGen       total 94720K, used 51662K [0x0000000084c00000, 0x000000008a880000, 0x00000000d6f00000)
  object space 94720K, 54% used [0x0000000084c00000,0x0000000087e738e0,0x000000008a880000)
 Metaspace       used 56804K, capacity 57728K, committed 57856K, reserved 1099776K
  class space    used 6942K, capacity 7145K, committed 7168K, reserved 1048576K
Event: 77018.315 GC heap after
Heap after GC invocations=22 (full 2):
 PSYoungGen      total 230912K, used 12692K [0x00000000d6f00000, 0x00000000e7e00000, 0x0000000100000000)
  eden space 218112K, 0% used [0x00000000d6f00000,0x00000000d6f00000,0x00000000e4400000)
  from space 12800K, 99% used [0x00000000e7180000,0x00000000e7de5248,0x00000000e7e00000)
  to   space 19968K, 0% used [0x00000000e5700000,0x00000000e5700000,0x00000000e6a80000)
 ParOldGen       total 94720K, used 51662K [0x0000000084c00000, 0x000000008a880000, 0x00000000d6f00000)
  object space 94720K, 54% used [0x0000000084c00000,0x0000000087e738e0,0x000000008a880000)
 Metaspace       used 56804K, capacity 57728K, committed 57856K, reserved 1099776K
  class space    used 6942K, capacity 7145K, committed 7168K, reserved 1048576K
}
Event: 77024.811 GC heap before
{Heap before GC invocations=23 (full 2):
 PSYoungGen      total 230912K, used 230804K [0x00000000d6f00000, 0x00000000e7e00000, 0x0000000100000000)
  eden space 218112K, 100% used [0x00000000d6f00000,0x00000000e4400000,0x00000000e4400000)
  from space 12800K, 99% used [0x00000000e7180000,0x00000000e7de5248,0x00000000e7e00000)
  to   space 19968K, 0% used [0x00000000e5700000,0x00000000e5700000,0x00000000e6a80000)
 ParOldGen       total 94720K, used 51662K [0x0000000084c00000, 0x000000008a880000, 0x00000000d6f00000)
  object space 94720K, 54% used [0x0000000084c00000,0x0000000087e738e0,0x000000008a880000)
 Metaspace       used 56811K, capacity 57728K, committed 57856K, reserved 1099776K
  class space    used 6942K, capacity 7145K, committed 7168K, reserved 1048576K
Event: 77024.829 GC heap after
Heap after GC invocations=23 (full 2):
 PSYoungGen      total 220672K, used 10608K [0x00000000d6f00000, 0x00000000e7200000, 0x0000000100000000)
  eden space 209920K, 0% used [0x00000000d6f00000,0x00000000d6f00000,0x00000000e3c00000)
  from space 10752K, 98% used [0x00000000e5700000,0x00000000e615c110,0x00000000e6180000)
  to   space 16896K, 0% used [0x00000000e6180000,0x00000000e6180000,0x00000000e7200000)
 ParOldGen       total 94720K, used 51670K [0x0000000084c00000, 0x000000008a880000, 0x00000000d6f00000)
  object space 94720K, 54% used [0x0000000084c00000,0x0000000087e758e0,0x000000008a880000)
 Metaspace       used 56811K, capacity 57728K, committed 57856K, reserved 1099776K
  class space    used 6942K, capacity 7145K, committed 7168K, reserved 1048576K
}
Event: 77026.968 GC heap before
{Heap before GC invocations=24 (full 2):
 PSYoungGen      total 220672K, used 220528K [0x00000000d6f00000, 0x00000000e7200000, 0x0000000100000000)
  eden space 209920K, 100% used [0x00000000d6f00000,0x00000000e3c00000,0x00000000e3c00000)
  from space 10752K, 98% used [0x00000000e5700000,0x00000000e615c110,0x00000000e6180000)
  to   space 16896K, 0% used [0x00000000e6180000,0x00000000e6180000,0x00000000e7200000)
 ParOldGen       total 94720K, used 51670K [0x0000000084c00000, 0x000000008a880000, 0x00000000d6f00000)
  object space 94720K, 54% used [0x0000000084c00000,0x0000000087e758e0,0x000000008a880000)
 Metaspace       used 56818K, capacity 57728K, committed 57856K, reserved 1099776K
  class space    used 6942K, capacity 7145K, committed 7168K, reserved 1048576K
Event: 77026.991 GC heap after
Heap after GC invocations=24 (full 2):
 PSYoungGen      total 214016K, used 11300K [0x00000000d6f00000, 0x00000000e6d00000, 0x0000000100000000)
  eden space 202240K, 0% used [0x00000000d6f00000,0x00000000d6f00000,0x00000000e3480000)
  from space 11776K, 95% used [0x00000000e6180000,0x00000000e6c89020,0x00000000e6d00000)
  to   space 18944K, 0% used [0x00000000e4800000,0x00000000e4800000,0x00000000e5a80000)
 ParOldGen       total 94720K, used 51670K [0x0000000084c00000, 0x000000008a880000, 0x00000000d6f00000)
  object space 94720K, 54% used [0x0000000084c00000,0x0000000087e758e0,0x000000008a880000)
 Metaspace       used 56818K, capacity 57728K, committed 57856K, reserved 1099776K
  class space    used 6942K, capacity 7145K, committed 7168K, reserved 1048576K
}
Event: 77034.237 GC heap before
{Heap before GC invocations=25 (full 2):
 PSYoungGen      total 214016K, used 213540K [0x00000000d6f00000, 0x00000000e6d00000, 0x0000000100000000)
  eden space 202240K, 100% used [0x00000000d6f00000,0x00000000e3480000,0x00000000e3480000)
  from space 11776K, 95% used [0x00000000e6180000,0x00000000e6c89020,0x00000000e6d00000)
  to   space 18944K, 0% used [0x00000000e4800000,0x00000000e4800000,0x00000000e5a80000)
 ParOldGen       total 94720K, used 51670K [0x0000000084c00000, 0x000000008a880000, 0x00000000d6f00000)
  object space 94720K, 54% used [0x0000000084c00000,0x0000000087e758e0,0x000000008a880000)
 Metaspace       used 56823K, capacity 57734K, committed 57856K, reserved 1099776K
  class space    used 6943K, capacity 7146K, committed 7168K, reserved 1048576K
Event: 77034.251 GC heap after
Heap after GC invocations=25 (full 2):
 PSYoungGen      total 206848K, used 11288K [0x00000000d6f00000, 0x00000000e6200000, 0x0000000100000000)
  eden space 195072K, 0% used [0x00000000d6f00000,0x00000000d6f00000,0x00000000e2d80000)
  from space 11776K, 95% used [0x00000000e4800000,0x00000000e5306110,0x00000000e5380000)
  to   space 14848K, 0% used [0x00000000e5380000,0x00000000e5380000,0x00000000e6200000)
 ParOldGen       total 94720K, used 51678K [0x0000000084c00000, 0x000000008a880000, 0x00000000d6f00000)
  object space 94720K, 54% used [0x0000000084c00000,0x0000000087e778e0,0x000000008a880000)
 Metaspace       used 56823K, capacity 57734K, committed 57856K, reserved 1099776K
  class space    used 6943K, capacity 7146K, committed 7168K, reserved 1048576K
}
Event: 77035.708 GC heap before
{Heap before GC invocations=26 (full 2):
 PSYoungGen      total 206848K, used 206360K [0x00000000d6f00000, 0x00000000e6200000, 0x0000000100000000)
  eden space 195072K, 100% used [0x00000000d6f00000,0x00000000e2d80000,0x00000000e2d80000)
  from space 11776K, 95% used [0x00000000e4800000,0x00000000e5306110,0x00000000e5380000)
  to   space 14848K, 0% used [0x00000000e5380000,0x00000000e5380000,0x00000000e6200000)
 ParOldGen       total 94720K, used 51678K [0x0000000084c00000, 0x000000008a880000, 0x00000000d6f00000)
  object space 94720K, 54% used [0x0000000084c00000,0x0000000087e778e0,0x000000008a880000)
 Metaspace       used 56834K, capacity 57734K, committed 57856K, reserved 1099776K
  class space    used 6943K, capacity 7146K, committed 7168K, reserved 1048576K
Event: 77035.733 GC heap after
Heap after GC invocations=26 (full 2):
 PSYoungGen      total 200192K, used 11923K [0x00000000d6f00000, 0x00000000e5f80000, 0x0000000100000000)
  eden space 187904K, 0% used [0x00000000d6f00000,0x00000000d6f00000,0x00000000e2680000)
  from space 12288K, 97% used [0x00000000e5380000,0x00000000e5f24ec0,0x00000000e5f80000)
  to   space 17408K, 0% used [0x00000000e3d80000,0x00000000e3d80000,0x00000000e4e80000)
 ParOldGen       total 94720K, used 51678K [0x0000000084c00000, 0x000000008a880000, 0x00000000d6f00000)
  object space 94720K, 54% used [0x0000000084c00000,0x0000000087e778e0,0x000000008a880000)
 Metaspace       used 56834K, capacity 57734K, committed 57856K, reserved 1099776K
  class space    used 6943K, capacity 7146K, committed 7168K, reserved 1048576K
}

